[debug] [2022-12-12T04:58:52.363Z] ----------------------------------------------------------------------
[debug] [2022-12-12T04:58:52.365Z] Command:       C:\Program Files\nodejs\node.exe C:\Users\ThinkPadE490\AppData\Roaming\npm\node_modules\firebase-tools\lib\bin\firebase.js init
[debug] [2022-12-12T04:58:52.366Z] CLI Version:   11.17.0
[debug] [2022-12-12T04:58:52.366Z] Platform:      win32
[debug] [2022-12-12T04:58:52.366Z] Node Version:  v16.16.0
[debug] [2022-12-12T04:58:52.367Z] Time:          Mon Dec 12 2022 10:58:52 GMT+0600 (Bangladesh Standard Time)
[debug] [2022-12-12T04:58:52.367Z] ----------------------------------------------------------------------
[debug] 
[debug] [2022-12-12T04:58:52.440Z] > command requires scopes: ["email","openid","https://www.googleapis.com/auth/cloudplatformprojects.readonly","https://www.googleapis.com/auth/firebase","https://www.googleapis.com/auth/cloud-platform"]
[debug] [2022-12-12T04:58:52.440Z] > authorizing via signed-in user (mhsadiq.alom@gmail.com)
[info] 
     ######## #### ########  ######## ########     ###     ######  ########
     ##        ##  ##     ## ##       ##     ##  ##   ##  ##       ##
     ######    ##  ########  ######   ########  #########  ######  ######
     ##        ##  ##    ##  ##       ##     ## ##     ##       ## ##
     ##       #### ##     ## ######## ########  ##     ##  ######  ########

You're about to initialize a Firebase project in this directory:

  E:\Programming-hero\secret-4\healing-hospital_webapps\healing-hospital_client

Before we get started, keep in mind:

  * You are initializing within an existing Firebase project directory

[info] 
=== Project Setup
[info] 
[info] First, let's associate this project directory with a Firebase project.
[info] You can create multiple project aliases by running firebase use --add, 
[info] but for now we'll just set up a default project.
[info] 
[debug] [2022-12-12T04:59:11.467Z] Using project from CLI flag: healling-hospital-c3c96
[debug] [2022-12-12T04:59:11.468Z] > refreshing access token with scopes: []
[debug] [2022-12-12T04:59:11.470Z] >>> [apiv2][query] POST https://www.googleapis.com/oauth2/v3/token [none]
[debug] [2022-12-12T04:59:11.470Z] >>> [apiv2][body] POST https://www.googleapis.com/oauth2/v3/token [omitted]
[debug] [2022-12-12T04:59:11.867Z] <<< [apiv2][status] POST https://www.googleapis.com/oauth2/v3/token 200
[debug] [2022-12-12T04:59:11.868Z] <<< [apiv2][body] POST https://www.googleapis.com/oauth2/v3/token [omitted]
[debug] [2022-12-12T04:59:11.995Z] >>> [apiv2][query] GET https://firebase.googleapis.com/v1beta1/projects/healling-hospital-c3c96 [none]
[debug] [2022-12-12T04:59:12.720Z] <<< [apiv2][status] GET https://firebase.googleapis.com/v1beta1/projects/healling-hospital-c3c96 200
[debug] [2022-12-12T04:59:12.721Z] <<< [apiv2][body] GET https://firebase.googleapis.com/v1beta1/projects/healling-hospital-c3c96 {"projectId":"healling-hospital-c3c96","projectNumber":"71117896871","displayName":"healling-hospital","name":"projects/healling-hospital-c3c96","resources":{"hostingSite":"healling-hospital-c3c96"},"state":"ACTIVE","etag":"1_50616541-ce82-43fb-8087-f487e35408c7"}
[info] i  Using project healling-hospital-c3c96 (healling-hospital) 
[info] 
=== Hosting Setup
[info] 
[info] Your public directory is the folder (relative to your project directory) that
[info] will contain Hosting assets to be uploaded with firebase deploy. If you
[info] have a build process for your assets, use your build's output directory.
[info] 
